\BOOKMARK [1][-]{section.1}{\376\377\000V\000i\000s\000i\000o\000n\000\040\000g\000e\000n\000e\000r\000a\000l}{}% 1
\BOOKMARK [2][-]{subsection.1.1}{\376\377\000S\000t\000a\000c\000k\000\040\000t\000e\000c\000n\000o\000l\000o\000g\000i\000c\000o}{section.1}% 2
\BOOKMARK [1][-]{section.2}{\376\377\000A\000r\000q\000u\000i\000t\000e\000c\000t\000u\000r\000a\000\040\000d\000e\000l\000\040\000f\000r\000o\000n\000t\000e\000n\000d\000\040\000\050\000F\000l\000u\000t\000t\000e\000r\000\051}{}% 3
\BOOKMARK [2][-]{subsection.2.1}{\376\377\000E\000s\000t\000r\000u\000c\000t\000u\000r\000a\000\040\000d\000e\000\040\000d\000i\000r\000e\000c\000t\000o\000r\000i\000o\000s}{section.2}% 4
\BOOKMARK [2][-]{subsection.2.2}{\376\377\000G\000r\000a\000f\000o\000\040\000d\000e\000\040\000d\000e\000p\000e\000n\000d\000e\000n\000c\000i\000a\000s}{section.2}% 5
\BOOKMARK [2][-]{subsection.2.3}{\376\377\000F\000a\000t\000i\000g\000u\000e\000C\000u\000b\000i\000t\000:\000\040\000l\000o\000g\000i\000c\000a\000\040\000d\000e\000\040\000d\000o\000s\000\040\000f\000a\000s\000e\000s}{section.2}% 6
\BOOKMARK [2][-]{subsection.2.4}{\376\377\000N\000a\000v\000e\000g\000a\000c\000i\000o\000n\000\040\000\050\000G\000o\000R\000o\000u\000t\000e\000r\000\040\040\024\000\040\0005\000\040\000t\000a\000b\000s\000\051}{section.2}% 7
\BOOKMARK [2][-]{subsection.2.5}{\376\377\000A\000u\000t\000e\000n\000t\000i\000c\000a\000c\000i\000o\000n\000\040\000y\000\040\000t\000o\000k\000e\000n\000s\000\040\000J\000W\000T}{section.2}% 8
\BOOKMARK [2][-]{subsection.2.6}{\376\377\000E\000s\000t\000r\000a\000t\000e\000g\000i\000a\000\040\000d\000e\000\040\000p\000e\000r\000s\000i\000s\000t\000e\000n\000c\000i\000a\000\040\000o\000f\000f\000l\000i\000n\000e}{section.2}% 9
\BOOKMARK [1][-]{section.3}{\376\377\000M\000o\000t\000o\000r\000\040\000d\000e\000\040\000c\000o\000m\000p\000u\000t\000o\000\040\000c\000i\000e\000n\000t\000i\000f\000i\000c\000o}{}% 10
\BOOKMARK [2][-]{subsection.3.1}{\376\377\000C\000a\000r\000g\000a\000\040\000d\000e\000\040\000e\000n\000t\000r\000e\000n\000a\000m\000i\000e\000n\000t\000o\000\040\040\024\000\040\000T\000R\000I\000M\000P\000\040\000y\000\040\000E\000W\000M\000A}{section.3}% 11
\BOOKMARK [3][-]{subsubsection.3.1.1}{\376\377\000C\000a\000r\000g\000a\000\040\000d\000e\000\040\000s\000e\000s\000i\000o\000n\000\040\000\050\000s\000e\000s\000s\000i\000o\000n\000-\000R\000P\000E\000\051}{subsection.3.1}% 12
\BOOKMARK [3][-]{subsubsection.3.1.2}{\376\377\000C\000a\000r\000g\000a\000\040\000A\000g\000u\000d\000a\000\040\040\024\000\040\000A\000T\000L\000\040\000\050\000=\000\040\0007\000\040\000d\000i\000a\000s\000\051}{subsection.3.1}% 13
\BOOKMARK [3][-]{subsubsection.3.1.3}{\376\377\000C\000a\000r\000g\000a\000\040\000C\000r\000o\000n\000i\000c\000a\000\040\040\024\000\040\000C\000T\000L\000\040\000\050\000=\000\040\0004\0002\000\040\000d\000i\000a\000s\000\051}{subsection.3.1}% 14
\BOOKMARK [3][-]{subsubsection.3.1.4}{\376\377\000B\000a\000l\000a\000n\000c\000e\000\040\000d\000e\000\040\000E\000s\000t\000r\000e\000s\000\040\040\024\000\040\000T\000S\000B}{subsection.3.1}% 15
\BOOKMARK [3][-]{subsubsection.3.1.5}{\376\377\000R\000a\000t\000i\000o\000\040\000A\000g\000u\000d\000a\000:\000C\000r\000o\000n\000i\000c\000a\000\040\040\024\000\040\000A\000C\000W\000R}{subsection.3.1}% 16
\BOOKMARK [3][-]{subsubsection.3.1.6}{\376\377\000M\000o\000n\000o\000t\000o\000n\000i\000a\000\040\000y\000\040\000S\000t\000r\000a\000i\000n}{subsection.3.1}% 17
\BOOKMARK [3][-]{subsubsection.3.1.7}{\376\377\000R\000a\000m\000p\000\040\000R\000a\000t\000e}{subsection.3.1}% 18
\BOOKMARK [3][-]{subsubsection.3.1.8}{\376\377\000P\000u\000n\000t\000u\000a\000c\000i\000o\000n\000\040\000d\000e\000\040\000R\000e\000a\000d\000i\000n\000e\000s\000s\000\040\000\050\0000\040\023\0001\0000\0000\000\051}{subsection.3.1}% 19
\BOOKMARK [2][-]{subsection.3.2}{\376\377\000M\000o\000d\000e\000l\000o\000\040\000d\000e\000\040\000r\000i\000e\000s\000g\000o}{section.3}% 20
\BOOKMARK [3][-]{subsubsection.3.2.1}{\376\377\000R\000i\000e\000s\000g\000o\000\040\000d\000e\000\040\000l\000e\000s\000i\000o\000n}{subsection.3.2}% 21
\BOOKMARK [3][-]{subsubsection.3.2.2}{\376\377\000R\000i\000e\000s\000g\000o\000\040\000d\000e\000\040\000s\000o\000b\000r\000e\000e\000n\000t\000r\000e\000n\000a\000m\000i\000e\000n\000t\000o}{subsection.3.2}% 22
\BOOKMARK [3][-]{subsubsection.3.2.3}{\376\377\000R\000i\000e\000s\000g\000o\000\040\000c\000o\000m\000p\000u\000e\000s\000t\000o}{subsection.3.2}% 23
\BOOKMARK [2][-]{subsection.3.3}{\376\377\000M\000o\000t\000o\000r\000\040\000d\000e\000\040\000p\000e\000r\000i\000o\000d\000i\000z\000a\000c\000i\000o\000n}{section.3}% 24
\BOOKMARK [3][-]{subsubsection.3.3.1}{\376\377\000D\000e\000t\000e\000c\000c\000i\000o\000n\000\040\000d\000e\000\040\000f\000a\000s\000e\000\040\000\050\000I\000s\000s\000u\000r\000i\000n\000\040\0002\0000\0000\0008\000\051}{subsection.3.3}% 25
\BOOKMARK [3][-]{subsubsection.3.3.2}{\376\377\000C\000a\000r\000g\000a\000\040\000s\000e\000m\000a\000n\000a\000l\000\040\000o\000b\000j\000e\000t\000i\000v\000o}{subsection.3.3}% 26
\BOOKMARK [3][-]{subsubsection.3.3.3}{\376\377\000D\000i\000s\000t\000r\000i\000b\000u\000c\000i\000o\000n\000\040\000d\000e\000\040\000z\000o\000n\000a\000s\000\040\000\050\000m\000o\000d\000e\000l\000o\000\040\000p\000o\000l\000a\000r\000i\000z\000a\000d\000o\000\051}{subsection.3.3}% 27
\BOOKMARK [3][-]{subsubsection.3.3.4}{\376\377\000P\000r\000o\000y\000e\000c\000c\000i\000o\000n\000\040\000d\000e\000l\000\040\000T\000S\000B}{subsection.3.3}% 28
\BOOKMARK [2][-]{subsection.3.4}{\376\377\000E\000n\000d\000p\000o\000i\000n\000t\000s\000\040\000d\000e\000l\000\040\000m\000o\000t\000o\000r\000\040\000d\000e\000\040\000c\000o\000m\000p\000u\000t\000o}{section.3}% 29
\BOOKMARK [3][-]{subsubsection.3.4.1}{\376\377\000E\000j\000e\000m\000p\000l\000o\000\040\000P\000O\000S\000T\000\040\000/\000c\000o\000m\000p\000u\000t\000e\000/\000f\000a\000t\000i\000g\000u\000e}{subsection.3.4}% 30
\BOOKMARK [3][-]{subsubsection.3.4.2}{\376\377\000E\000j\000e\000m\000p\000l\000o\000\040\000P\000O\000S\000T\000\040\000/\000c\000o\000m\000p\000u\000t\000e\000/\000p\000l\000a\000n}{subsection.3.4}% 31
\BOOKMARK [2][-]{subsection.3.5}{\376\377\000I\000n\000t\000e\000g\000r\000a\000c\000i\000o\000n\000\040\000F\000l\000u\000t\000t\000e\000r\000:\000\040\000C\000o\000m\000p\000u\000t\000e\000R\000e\000p\000o\000s\000i\000t\000o\000r\000y}{section.3}% 32
\BOOKMARK [1][-]{section.4}{\376\377\000A\000P\000I\000\040\000R\000E\000S\000T\000\040\000p\000r\000i\000n\000c\000i\000p\000a\000l}{}% 33
\BOOKMARK [2][-]{subsection.4.1}{\376\377\000E\000n\000d\000p\000o\000i\000n\000t\000s}{section.4}% 34
\BOOKMARK [1][-]{section.5}{\376\377\000M\000o\000d\000e\000l\000o\000s\000\040\000d\000e\000\040\000d\000a\000t\000o\000s}{}% 35
\BOOKMARK [2][-]{subsection.5.1}{\376\377\000E\000n\000t\000i\000d\000a\000d\000e\000s\000\040\000F\000l\000u\000t\000t\000e\000r}{section.5}% 36
\BOOKMARK [2][-]{subsection.5.2}{\376\377\000T\000a\000b\000l\000a\000s\000\040\000P\000o\000s\000t\000g\000r\000e\000S\000Q\000L}{section.5}% 37
\BOOKMARK [1][-]{section.6}{\376\377\000P\000a\000n\000t\000a\000l\000l\000a\000s}{}% 38
\BOOKMARK [1][-]{section.7}{\376\377\000C\000o\000n\000f\000i\000g\000u\000r\000a\000c\000i\000o\000n\000\040\000y\000\040\000d\000e\000s\000p\000l\000i\000e\000g\000u\000e}{}% 39
\BOOKMARK [2][-]{subsection.7.1}{\376\377\000V\000a\000r\000i\000a\000b\000l\000e\000s\000\040\000d\000e\000\040\000e\000n\000t\000o\000r\000n\000o}{section.7}% 40
\BOOKMARK [2][-]{subsection.7.2}{\376\377\000C\000o\000m\000a\000n\000d\000o\000s\000\040\000d\000e\000\040\000d\000e\000s\000a\000r\000r\000o\000l\000l\000o}{section.7}% 41
\BOOKMARK [2][-]{subsection.7.3}{\376\377\000E\000s\000t\000r\000u\000c\000t\000u\000r\000a\000\040\000d\000e\000l\000\040\000r\000e\000p\000o\000s\000i\000t\000o\000r\000i\000o}{section.7}% 42
\BOOKMARK [1][-]{section.8}{\376\377\000R\000e\000f\000e\000r\000e\000n\000c\000i\000a\000s\000\040\000c\000i\000e\000n\000t\000i\000f\000i\000c\000a\000s}{}% 43
\BOOKMARK [1][-]{section.9}{\376\377\000R\000o\000a\000d\000m\000a\000p}{}% 44
